[debug] [2026-06-05T21:53:51.306Z] ----------------------------------------------------------------------
[debug] [2026-06-05T21:53:51.308Z] Command:       C:\nvm4w\nodejs\node.exe C:\nvm4w\nodejs\node_modules\firebase-tools\lib\bin\firebase.js deploy
[debug] [2026-06-05T21:53:51.309Z] CLI Version:   15.9.1
[debug] [2026-06-05T21:53:51.309Z] Platform:      win32
[debug] [2026-06-05T21:53:51.309Z] Node Version:  v20.19.4
[debug] [2026-06-05T21:53:51.309Z] Time:          Fri Jun 05 2026 14:53:51 GMT-0700 (Pacific Daylight Time)
[debug] [2026-06-05T21:53:51.309Z] ----------------------------------------------------------------------
[debug] 
[debug] [2026-06-05T21:53:51.311Z] >>> [apiv2][query] GET https://firebase-public.firebaseio.com/cli.json [none]
[debug] [2026-06-05T21:54:34.191Z] > command requires scopes: ["email","openid","https://www.googleapis.com/auth/cloudplatformprojects.readonly","https://www.googleapis.com/auth/firebase","https://www.googleapis.com/auth/cloud-platform"]
[debug] [2026-06-05T21:54:34.191Z] > authorizing via signed-in user (glkfreelance@gmail.com)
[debug] [2026-06-05T21:54:34.191Z] [iam] checking project portfolio-4-seasons for permissions ["firebase.projects.get","firebasehosting.sites.update"]
[debug] [2026-06-05T21:54:34.192Z] Checked if tokens are valid: false, expires at: 1754958350519
[debug] [2026-06-05T21:54:34.192Z] Checked if tokens are valid: false, expires at: 1754958350519
[debug] [2026-06-05T21:54:34.193Z] > refreshing access token with scopes: []
[debug] [2026-06-05T21:54:34.193Z] >>> [apiv2][query] POST https://www.googleapis.com/oauth2/v3/token [none]
[debug] [2026-06-05T21:54:34.194Z] >>> [apiv2][body] POST https://www.googleapis.com/oauth2/v3/token [omitted]
[debug] [2026-06-05T21:54:34.411Z] <<< [apiv2][status] GET https://firebase-public.firebaseio.com/cli.json 200
[debug] [2026-06-05T21:54:34.411Z] <<< [apiv2][body] GET https://firebase-public.firebaseio.com/cli.json {"cloudBuildErrorAfter":1594252800000,"cloudBuildWarnAfter":1590019200000,"defaultNode10After":1594252800000,"minVersion":"3.0.5","node8DeploysDisabledAfter":1613390400000,"node8RuntimeDisabledAfter":1615809600000,"node8WarnAfter":1600128000000}
[debug] [2026-06-05T21:54:34.482Z] <<< [apiv2][status] POST https://www.googleapis.com/oauth2/v3/token 400
[debug] [2026-06-05T21:54:34.482Z] <<< [apiv2][body] POST https://www.googleapis.com/oauth2/v3/token [omitted]
[debug] [2026-06-05T21:54:34.483Z] >>> [apiv2][query] POST https://cloudresourcemanager.googleapis.com/v1/projects/portfolio-4-seasons:testIamPermissions [none]
[debug] [2026-06-05T21:54:34.484Z] >>> [apiv2][(partial)header] POST https://cloudresourcemanager.googleapis.com/v1/projects/portfolio-4-seasons:testIamPermissions  x-goog-user-project=portfolio-4-seasons
[debug] [2026-06-05T21:54:34.484Z] >>> [apiv2][body] POST https://cloudresourcemanager.googleapis.com/v1/projects/portfolio-4-seasons:testIamPermissions {"permissions":["firebase.projects.get","firebasehosting.sites.update"]}
[debug] [2026-06-05T21:54:34.685Z] <<< [apiv2][status] POST https://cloudresourcemanager.googleapis.com/v1/projects/portfolio-4-seasons:testIamPermissions 401
[debug] [2026-06-05T21:54:34.686Z] <<< [apiv2][body] POST https://cloudresourcemanager.googleapis.com/v1/projects/portfolio-4-seasons:testIamPermissions {"error":{"code":401,"message":"Request had invalid authentication credentials. Expected OAuth 2 access token, login cookie or other valid authentication credential. See https://developers.google.com/identity/sign-in/web/devconsole-project.","status":"UNAUTHENTICATED","details":[{"@type":"type.googleapis.com/google.rpc.ErrorInfo","reason":"ACCESS_TOKEN_TYPE_UNSUPPORTED","metadata":{"method":"google.cloudresourcemanager.v1.Projects.TestIamPermissions","service":"cloudresourcemanager.googleapis.com"}}]}}
[debug] [2026-06-05T21:54:34.687Z] Got a 401 Unauthenticated error for a call that required authentication. Refreshing tokens.
[debug] [2026-06-05T21:54:34.687Z] Checked if tokens are valid: false, expires at: 1754958350519
[debug] [2026-06-05T21:54:34.687Z] Checked if tokens are valid: false, expires at: 1754958350519
[debug] [2026-06-05T21:54:34.687Z] > refreshing access token with scopes: []
[debug] [2026-06-05T21:54:34.689Z] >>> [apiv2][query] POST https://www.googleapis.com/oauth2/v3/token [none]
[debug] [2026-06-05T21:54:34.690Z] >>> [apiv2][body] POST https://www.googleapis.com/oauth2/v3/token [omitted]
[debug] [2026-06-05T21:54:34.751Z] <<< [apiv2][status] POST https://www.googleapis.com/oauth2/v3/token 400
[debug] [2026-06-05T21:54:34.752Z] <<< [apiv2][body] POST https://www.googleapis.com/oauth2/v3/token [omitted]
[debug] [2026-06-05T21:54:34.756Z] [iam] error while checking permissions, command may fail: Request to https://cloudresourcemanager.googleapis.com/v1/projects/portfolio-4-seasons:testIamPermissions had HTTP Error: 401, Request had invalid authentication credentials. Expected OAuth 2 access token, login cookie or other valid authentication credential. See https://developers.google.com/identity/sign-in/web/devconsole-project.
[debug] [2026-06-05T21:54:34.759Z] Checked if tokens are valid: false, expires at: 1754958350519
[debug] [2026-06-05T21:54:34.759Z] Checked if tokens are valid: false, expires at: 1754958350519
[debug] [2026-06-05T21:54:34.759Z] > refreshing access token with scopes: []
[debug] [2026-06-05T21:54:34.761Z] >>> [apiv2][query] POST https://www.googleapis.com/oauth2/v3/token [none]
[debug] [2026-06-05T21:54:34.762Z] >>> [apiv2][body] POST https://www.googleapis.com/oauth2/v3/token [omitted]
[debug] [2026-06-05T21:54:34.815Z] <<< [apiv2][status] POST https://www.googleapis.com/oauth2/v3/token 400
[debug] [2026-06-05T21:54:34.815Z] <<< [apiv2][body] POST https://www.googleapis.com/oauth2/v3/token [omitted]
[debug] [2026-06-05T21:54:34.817Z] >>> [apiv2][query] GET https://firebase.googleapis.com/v1beta1/projects/portfolio-4-seasons [none]
[debug] [2026-06-05T21:54:34.994Z] <<< [apiv2][status] GET https://firebase.googleapis.com/v1beta1/projects/portfolio-4-seasons 401
[debug] [2026-06-05T21:54:34.995Z] <<< [apiv2][body] GET https://firebase.googleapis.com/v1beta1/projects/portfolio-4-seasons {"error":{"code":401,"message":"Request had invalid authentication credentials. Expected OAuth 2 access token, login cookie or other valid authentication credential. See https://developers.google.com/identity/sign-in/web/devconsole-project.","status":"UNAUTHENTICATED"}}
[debug] [2026-06-05T21:54:34.995Z] Got a 401 Unauthenticated error for a call that required authentication. Refreshing tokens.
[debug] [2026-06-05T21:54:34.995Z] Checked if tokens are valid: false, expires at: 1754958350519
[debug] [2026-06-05T21:54:34.995Z] Checked if tokens are valid: false, expires at: 1754958350519
[debug] [2026-06-05T21:54:34.995Z] > refreshing access token with scopes: []
[debug] [2026-06-05T21:54:34.996Z] >>> [apiv2][query] POST https://www.googleapis.com/oauth2/v3/token [none]
[debug] [2026-06-05T21:54:34.996Z] >>> [apiv2][body] POST https://www.googleapis.com/oauth2/v3/token [omitted]
[debug] [2026-06-05T21:54:35.048Z] <<< [apiv2][status] POST https://www.googleapis.com/oauth2/v3/token 400
[debug] [2026-06-05T21:54:35.049Z] <<< [apiv2][body] POST https://www.googleapis.com/oauth2/v3/token [omitted]
[debug] [2026-06-05T21:54:35.050Z] Request to https://firebase.googleapis.com/v1beta1/projects/portfolio-4-seasons had HTTP Error: 401, Request had invalid authentication credentials. Expected OAuth 2 access token, login cookie or other valid authentication credential. See https://developers.google.com/identity/sign-in/web/devconsole-project.
[error] 
[error] Error: Assertion failed: resolving hosting target of a site with no site name or target name. This should have caused an error earlier
